      x               rho             U               p               u
      0.000625        1.000000        0.000000        1.000000        2.500000
      0.001875        1.000000        0.000000        1.000000        2.500000
      0.003125        1.000000        0.000000        1.000000        2.500000
      0.004375        1.000000        0.000000        1.000000        2.500000
      0.005625        1.000000        0.000000        1.000000        2.500000
      0.006875        1.000000        0.000000        1.000000        2.500000
      0.008125        1.000000        0.000000        1.000000        2.500000
      0.009375        1.000000        0.000000        1.000000        2.500000
      0.010625        1.000000        0.000000        1.000000        2.500000
      0.011875        1.000000        0.000000        1.000000        2.500000
      0.013125        1.000000        0.000000        1.000000        2.500000
      0.014375        1.000000        0.000000        1.000000        2.500000
      0.015625        1.000000        0.000000        1.000000        2.500000
      0.016875        1.000000        0.000000        1.000000        2.500000
      0.018125        1.000000        0.000000        1.000000        2.500000
      0.019375        1.000000        0.000000        1.000000        2.500000
      0.020625        1.000000        0.000000        1.000000        2.500000
      0.021875        1.000000        0.000000        1.000000        2.500000
      0.023125        1.000000        0.000000        1.000000        2.500000
      0.024375        1.000000        0.000000        1.000000        2.500000
      0.025625        1.000000        0.000000        1.000000        2.500000
      0.026875        1.000000        0.000000        1.000000        2.500000
      0.028125        1.000000        0.000000        1.000000        2.500000
      0.029375        1.000000        0.000000        1.000000        2.500000
      0.030625        1.000000        0.000000        1.000000        2.500000
      0.031875        1.000000        0.000000        1.000000        2.500000
      0.033125        1.000000        0.000000        1.000000        2.500000
      0.034375        1.000000        0.000000        1.000000        2.500000
      0.035625        1.000000        0.000000        1.000000        2.500000
      0.036875        1.000000        0.000000        1.000000        2.500000
      0.038125        1.000000        0.000000        1.000000        2.500000
      0.039375        1.000000        0.000000        1.000000        2.500000
      0.040625        1.000000        0.000000        1.000000        2.500000
      0.041875        1.000000        0.000000        1.000000        2.500000
      0.043125        1.000000        0.000000        1.000000        2.500000
      0.044375        1.000000        0.000000        1.000000        2.500000
      0.045625        1.000000        0.000000        1.000000        2.500000
      0.046875        1.000000        0.000000        1.000000        2.500000
      0.048125        1.000000        0.000000        1.000000        2.500000
      0.049375        1.000000        0.000000        1.000000        2.500000
      0.050625        1.000000        0.000000        1.000000        2.500000
      0.051875        1.000000        0.000000        1.000000        2.500000
      0.053125        1.000000        0.000000        1.000000        2.500000
      0.054375        1.000000        0.000000        1.000000        2.500000
      0.055625        1.000000        0.000000        1.000000        2.500000
      0.056875        1.000000        0.000000        1.000000        2.500000
      0.058125        1.000000        0.000000        1.000000        2.500000
      0.059375        1.000000        0.000000        1.000000        2.500000
      0.060625        1.000000        0.000000        1.000000        2.500000
      0.061875        1.000000        0.000000        1.000000        2.500000
      0.063125        1.000000        0.000000        1.000000        2.500000
      0.064375        1.000000        0.000000        1.000000        2.500000
      0.065625        1.000000        0.000000        1.000000        2.500000
      0.066875        1.000000        0.000000        1.000000        2.500000
      0.068125        1.000000        0.000000        1.000000        2.500000
      0.069375        1.000000        0.000000        1.000000        2.500000
      0.070625        1.000000        0.000000        1.000000        2.500000
      0.071875        1.000000        0.000000        1.000000        2.500000
      0.073125        1.000000        0.000000        1.000000        2.500000
      0.074375        1.000000        0.000000        1.000000        2.500000
      0.075625        1.000000        0.000000        1.000000        2.500000
      0.076875        1.000000        0.000000        1.000000        2.500000
      0.078125        1.000000        0.000000        1.000000        2.500000
      0.079375        1.000000        0.000000        1.000000        2.500000
      0.080625        1.000000        0.000000        1.000000        2.500000
      0.081875        1.000000        0.000000        1.000000        2.500000
      0.083125        1.000000        0.000000        1.000000        2.500000
      0.084375        1.000000        0.000000        1.000000        2.500000
      0.085625        1.000000        0.000000        1.000000        2.500000
      0.086875        1.000000        0.000000        1.000000        2.500000
      0.088125        1.000000        0.000000        1.000000        2.500000
      0.089375        1.000000        0.000000        1.000000        2.500000
      0.090625        1.000000        0.000000        1.000000        2.500000
      0.091875        1.000000        0.000000        1.000000        2.500000
      0.093125        1.000000        0.000000        1.000000        2.500000
      0.094375        1.000000        0.000000        1.000000        2.500000
      0.095625        1.000000        0.000000        1.000000        2.500000
      0.096875        1.000000        0.000000        1.000000        2.500000
      0.098125        1.000000        0.000000        1.000000        2.500000
      0.099375        1.000000        0.000000        1.000000        2.500000
      0.100625        1.000000        0.000000        1.000000        2.500000
      0.101875        1.000000        0.000000        1.000000        2.500000
      0.103125        1.000000        0.000000        1.000000        2.500000
      0.104375        1.000000        0.000000        1.000000        2.500000
      0.105625        1.000000        0.000000        1.000000        2.500000
      0.106875        1.000000        0.000000        1.000000        2.500000
      0.108125        1.000000        0.000000        1.000000        2.500000
      0.109375        1.000000        0.000000        1.000000        2.500000
      0.110625        1.000000        0.000000        1.000000        2.500000
      0.111875        1.000000        0.000000        1.000000        2.500000
      0.113125        1.000000        0.000000        1.000000        2.500000
      0.114375        1.000000        0.000000        1.000000        2.500000
      0.115625        1.000000        0.000000        1.000000        2.500000
      0.116875        1.000000        0.000000        1.000000        2.500000
      0.118125        1.000000        0.000000        1.000000        2.500000
      0.119375        1.000000        0.000000        1.000000        2.500000
      0.120625        1.000000        0.000000        1.000000        2.500000
      0.121875        1.000000        0.000000        1.000000        2.500000
      0.123125        1.000000        0.000000        1.000000        2.500000
      0.124375        1.000000        0.000000        1.000000        2.500000
      0.125625        1.000000        0.000000        1.000000        2.500000
      0.126875        1.000000        0.000000        1.000000        2.500000
      0.128125        1.000000        0.000000        1.000000        2.500000
      0.129375        1.000000        0.000000        1.000000        2.500000
      0.130625        1.000000        0.000000        1.000000        2.500000
      0.131875        1.000000        0.000000        1.000000        2.500000
      0.133125        1.000000        0.000000        1.000000        2.500000
      0.134375        1.000000        0.000000        1.000000        2.500000
      0.135625        1.000000        0.000000        1.000000        2.500000
      0.136875        1.000000        0.000000        1.000000        2.500000
      0.138125        1.000000        0.000000        1.000000        2.500000
      0.139375        1.000000        0.000000        1.000000        2.500000
      0.140625        1.000000        0.000000        1.000000        2.500000
      0.141875        1.000000        0.000000        1.000000        2.500000
      0.143125        1.000000        0.000000        1.000000        2.500000
      0.144375        1.000000        0.000000        1.000000        2.500000
      0.145625        1.000000        0.000000        1.000000        2.500000
      0.146875        1.000000        0.000000        1.000000        2.500000
      0.148125        1.000000        0.000000        1.000000        2.500000
      0.149375        1.000000        0.000000        1.000000        2.500000
      0.150625        1.000000        0.000000        1.000000        2.500000
      0.151875        1.000000        0.000000        1.000000        2.500000
      0.153125        1.000000        0.000000        1.000000        2.500000
      0.154375        1.000000        0.000000        1.000000        2.500000
      0.155625        1.000000        0.000000        1.000000        2.500000
      0.156875        1.000000        0.000000        1.000000        2.500000
      0.158125        1.000000        0.000000        1.000000        2.500000
      0.159375        1.000000        0.000000        1.000000        2.500000
      0.160625        1.000000        0.000000        1.000000        2.500000
      0.161875        1.000000        0.000000        1.000000        2.500000
      0.163125        1.000000        0.000000        1.000000        2.500000
      0.164375        1.000000        0.000000        1.000000        2.500000
      0.165625        1.000000        0.000000        1.000000        2.500000
      0.166875        1.000000        0.000000        1.000000        2.500000
      0.168125        1.000000        0.000000        1.000000        2.500000
      0.169375        1.000000        0.000000        1.000000        2.500000
      0.170625        1.000000        0.000000        1.000000        2.500000
      0.171875        1.000000        0.000000        1.000000        2.500000
      0.173125        1.000000        0.000000        1.000000        2.500000
      0.174375        1.000000        0.000000        1.000000        2.500000
      0.175625        1.000000        0.000000        1.000000        2.500000
      0.176875        1.000000        0.000000        1.000000        2.500000
      0.178125        1.000000        0.000000        1.000000        2.500000
      0.179375        1.000000        0.000000        1.000000        2.500000
      0.180625        1.000000        0.000000        1.000000        2.500000
      0.181875        1.000000        0.000000        1.000000        2.500000
      0.183125        1.000000        0.000000        1.000000        2.500000
      0.184375        1.000000        0.000000        1.000000        2.500000
      0.185625        1.000000        0.000000        1.000000        2.500000
      0.186875        1.000000        0.000000        1.000000        2.500000
      0.188125        1.000000        0.000000        1.000000        2.500000
      0.189375        1.000000        0.000000        1.000000        2.500000
      0.190625        1.000000        0.000000        1.000000        2.500000
      0.191875        1.000000        0.000000        1.000000        2.500000
      0.193125        1.000000        0.000000        1.000000        2.500000
      0.194375        1.000000        0.000000        1.000000        2.500000
      0.195625        1.000000        0.000000        1.000000        2.500000
      0.196875        1.000000        0.000000        1.000000        2.500000
      0.198125        1.000000        0.000000        1.000000        2.500000
      0.199375        1.000000        0.000000        1.000000        2.500000
      0.200625        1.000000        0.000000        1.000000        2.500000
      0.201875        1.000000        0.000000        1.000000        2.500000
      0.203125        1.000000        0.000000        1.000000        2.500000
      0.204375        0.999496        0.000597        0.999294        2.499496
      0.205625        0.995981        0.004763        0.994377        2.495976
      0.206875        0.992476        0.008930        0.989482        2.492459
      0.208125        0.988980        0.013097        0.984606        2.488944
      0.209375        0.985494        0.017263        0.979751        2.485431
      0.210625        0.982019        0.021430        0.974917        2.481921
      0.211875        0.978553        0.025597        0.970104        2.478414
      0.213125        0.975097        0.029763        0.965310        2.474909
      0.214375        0.971651        0.033930        0.960538        2.471406
      0.215625        0.968214        0.038097        0.955785        2.467906
      0.216875        0.964787        0.042263        0.951052        2.464408
      0.218125        0.961370        0.046430        0.946340        2.460913
      0.219375        0.957963        0.050597        0.941647        2.457421
      0.220625        0.954565        0.054763        0.936975        2.453931
      0.221875        0.951177        0.058930        0.932322        2.450443
      0.223125        0.947799        0.063097        0.927690        2.446958
      0.224375        0.944430        0.067263        0.923077        2.443475
      0.225625        0.941071        0.071430        0.918483        2.439995
      0.226875        0.937721        0.075597        0.913910        2.436518
      0.228125        0.934381        0.079763        0.909355        2.433042
      0.229375        0.931050        0.083930        0.904820        2.429569
      0.230625        0.927729        0.088097        0.900305        2.426099
      0.231875        0.924417        0.092263        0.895809        2.422631
      0.233125        0.921116        0.096430        0.891333        2.419166
      0.234375        0.917823        0.100597        0.886875        2.415703
      0.235625        0.914540        0.104763        0.882437        2.412243
      0.236875        0.911266        0.108930        0.878017        2.408785
      0.238125        0.908001        0.113097        0.873617        2.405329
      0.239375        0.904746        0.117263        0.869235        2.401877
      0.240625        0.901500        0.121430        0.864872        2.398426
      0.241875        0.898263        0.125597        0.860528        2.394978
      0.243125        0.895036        0.129763        0.856204        2.391533
      0.244375        0.891818        0.133930        0.851897        2.388089
      0.245625        0.888610        0.138097        0.847609        2.384649
      0.246875        0.885410        0.142263        0.843340        2.381211
      0.248125        0.882221        0.146430        0.839089        2.377776
      0.249375        0.879040        0.150597        0.834856        2.374343
      0.250625        0.875868        0.154763        0.830642        2.370912
      0.251875        0.872705        0.158930        0.826446        2.367484
      0.253125        0.869551        0.163097        0.822268        2.364058
      0.254375        0.866407        0.167263        0.818108        2.360635
      0.255625        0.863272        0.171430        0.813967        2.357214
      0.256875        0.860146        0.175597        0.809843        2.353796
      0.258125        0.857028        0.179763        0.805737        2.350380
      0.259375        0.853920        0.183930        0.801649        2.346967
      0.260625        0.850822        0.188097        0.797579        2.343557
      0.261875        0.847732        0.192263        0.793527        2.340148
      0.263125        0.844650        0.196430        0.789492        2.336742
      0.264375        0.841579        0.200597        0.785475        2.333339
      0.265625        0.838515        0.204763        0.781475        2.329938
      0.266875        0.835461        0.208930        0.777493        2.326540
      0.268125        0.832416        0.213097        0.773529        2.323144
      0.269375        0.829379        0.217263        0.769581        2.319751
      0.270625        0.826351        0.221430        0.765651        2.316360
      0.271875        0.823333        0.225597        0.761738        2.312971
      0.273125        0.820323        0.229763        0.757843        2.309586
      0.274375        0.817322        0.233930        0.753964        2.306202
      0.275625        0.814330        0.238097        0.750102        2.302821
      0.276875        0.811347        0.242263        0.746258        2.299443
      0.278125        0.808372        0.246430        0.742430        2.296067
      0.279375        0.805405        0.250597        0.738619        2.292692
      0.280625        0.802448        0.254763        0.734825        2.289322
      0.281875        0.799499        0.258930        0.731047        2.285953
      0.283125        0.796559        0.263097        0.727286        2.282587
      0.284375        0.793628        0.267263        0.723542        2.279223
      0.285625        0.790706        0.271430        0.719815        2.275862
      0.286875        0.787792        0.275597        0.716104        2.272504
      0.288125        0.784886        0.279763        0.712409        2.269147
      0.289375        0.781989        0.283930        0.708730        2.265793
      0.290625        0.779101        0.288097        0.705068        2.262442
      0.291875        0.776221        0.292263        0.701422        2.259093
      0.293125        0.773350        0.296430        0.697793        2.255748
      0.294375        0.770487        0.300597        0.694179        2.252403
      0.295625        0.767633        0.304763        0.690581        2.249062
      0.296875        0.764787        0.308930        0.687000        2.245723
      0.298125        0.761950        0.313097        0.683435        2.242387
      0.299375        0.759121        0.317263        0.679885        2.239053
      0.300625        0.756300        0.321430        0.676351        2.235722
      0.301875        0.753488        0.325597        0.672833        2.232393
      0.303125        0.750685        0.329763        0.669330        2.229067
      0.304375        0.747889        0.333930        0.665843        2.225743
      0.305625        0.745102        0.338097        0.662372        2.222421
      0.306875        0.742323        0.342263        0.658916        2.219102
      0.308125        0.739553        0.346430        0.655476        2.215785
      0.309375        0.736791        0.350597        0.652051        2.212472
      0.310625        0.734037        0.354763        0.648642        2.209161
      0.311875        0.731291        0.358930        0.645248        2.205851
      0.313125        0.728554        0.363097        0.641869        2.202545
      0.314375        0.725824        0.367263        0.638505        2.199240
      0.315625        0.723104        0.371430        0.635156        2.195939
      0.316875        0.720390        0.375597        0.631823        2.192640
      0.318125        0.717686        0.379763        0.628504        2.189343
      0.319375        0.714989        0.383930        0.625200        2.186049
      0.320625        0.712300        0.388097        0.621911        2.182757
      0.321875        0.709620        0.392263        0.618638        2.179468
      0.323125        0.706948        0.396430        0.615379        2.176181
      0.324375        0.704284        0.400597        0.612134        2.172897
      0.325625        0.701628        0.404763        0.608905        2.169615
      0.326875        0.698979        0.408930        0.605689        2.166335
      0.328125        0.696339        0.413097        0.602488        2.163058
      0.329375        0.693707        0.417263        0.599303        2.159785
      0.330625        0.691082        0.421430        0.596131        2.156512
      0.331875        0.688466        0.425597        0.592974        2.153243
      0.333125        0.685858        0.429763        0.589831        2.149976
      0.334375        0.683257        0.433930        0.586703        2.146712
      0.335625        0.680665        0.438097        0.583589        2.143450
      0.336875        0.678080        0.442263        0.580488        2.140191
      0.338125        0.675503        0.446430        0.577402        2.136934
      0.339375        0.672934        0.450597        0.574330        2.133679
      0.340625        0.670373        0.454763        0.571272        2.130427
      0.341875        0.667820        0.458930        0.568228        2.127177
      0.343125        0.665274        0.463097        0.565198        2.123930
      0.344375        0.662736        0.467263        0.562182        2.120686
      0.345625        0.660206        0.471430        0.559179        2.117444
      0.346875        0.657684        0.475597        0.556191        2.114204
      0.348125        0.655169        0.479763        0.553216        2.110967
      0.349375        0.652662        0.483930        0.550255        2.107732
      0.350625        0.650163        0.488097        0.547307        2.104500
      0.351875        0.647671        0.492263        0.544373        2.101270
      0.353125        0.645187        0.496430        0.541452        2.098043
      0.354375        0.642711        0.500597        0.538545        2.094819
      0.355625        0.640242        0.504763        0.535651        2.091596
      0.356875        0.637781        0.508930        0.532771        2.088377
      0.358125        0.635328        0.513097        0.529904        2.085159
      0.359375        0.632882        0.517263        0.527050        2.081944
      0.360625        0.630444        0.521430        0.524209        2.078732
      0.361875        0.628013        0.525597        0.521382        2.075522
      0.363125        0.625589        0.529763        0.518567        2.072315
      0.364375        0.623173        0.533930        0.515765        2.069110
      0.365625        0.620764        0.538097        0.512977        2.065907
      0.366875        0.618364        0.542263        0.510201        2.062707
      0.368125        0.615970        0.546430        0.507438        2.059510
      0.369375        0.613584        0.550597        0.504689        2.056315
      0.370625        0.611205        0.554763        0.501951        2.053122
      0.371875        0.608834        0.558930        0.499227        2.049933
      0.373125        0.606470        0.563097        0.496516        2.046745
      0.374375        0.604113        0.567263        0.493817        2.043560
      0.375625        0.601764        0.571430        0.491130        2.040377
      0.376875        0.599422        0.575597        0.488456        2.037197
      0.378125        0.597087        0.579763        0.485795        2.034019
      0.379375        0.594760        0.583930        0.483146        2.030844
      0.380625        0.592439        0.588097        0.480509        2.027672
      0.381875        0.590127        0.592263        0.477885        2.024502
      0.383125        0.587821        0.596430        0.475273        2.021334
      0.384375        0.585523        0.600597        0.472673        2.018169
      0.385625        0.583231        0.604763        0.470086        2.015006
      0.386875        0.580947        0.608930        0.467510        2.011846
      0.388125        0.578670        0.613097        0.464947        2.008688
      0.389375        0.576400        0.617263        0.462396        2.005533
      0.390625        0.574138        0.621430        0.459856        2.002379
      0.391875        0.571882        0.625597        0.457329        1.999229
      0.393125        0.569633        0.629763        0.454814        1.996082
      0.394375        0.567392        0.633930        0.452310        1.992936
      0.395625        0.565158        0.638097        0.449819        1.989793
      0.396875        0.562931        0.642263        0.447339        1.986653
      0.398125        0.560711        0.646430        0.444871        1.983515
      0.399375        0.558497        0.650597        0.442414        1.980379
      0.400625        0.556291        0.654763        0.439970        1.977247
      0.401875        0.554092        0.658930        0.437536        1.974116
      0.403125        0.551899        0.663097        0.435115        1.970988
      0.404375        0.549714        0.667263        0.432705        1.967862
      0.405625        0.547535        0.671430        0.430306        1.964739
      0.406875        0.545364        0.675597        0.427918        1.961618
      0.408125        0.543199        0.679763        0.425542        1.958501
      0.409375        0.541042        0.683930        0.423178        1.955385
      0.410625        0.538891        0.688097        0.420825        1.952272
      0.411875        0.536747        0.692263        0.418482        1.949161
      0.413125        0.534609        0.696430        0.416151        1.946053
      0.414375        0.532479        0.700597        0.413832        1.942948
      0.415625        0.530355        0.704763        0.411523        1.939844
      0.416875        0.528238        0.708930        0.409225        1.936743
      0.418125        0.526129        0.713097        0.406938        1.933645
      0.419375        0.524025        0.717263        0.404662        1.930549
      0.420625        0.521929        0.721430        0.402398        1.927456
      0.421875        0.519839        0.725597        0.400144        1.924366
      0.423125        0.517756        0.729763        0.397901        1.921277
      0.424375        0.515679        0.733930        0.395669        1.918191
      0.425625        0.513609        0.738097        0.393447        1.915108
      0.426875        0.511546        0.742263        0.391236        1.912027
      0.428125        0.509490        0.746430        0.389036        1.908948
      0.429375        0.507440        0.750597        0.386846        1.905872
      0.430625        0.505396        0.754763        0.384667        1.902799
      0.431875        0.503360        0.758930        0.382499        1.899728
      0.433125        0.501330        0.763097        0.380341        1.896660
      0.434375        0.499306        0.767263        0.378193        1.893594
      0.435625        0.497289        0.771430        0.376056        1.890530
      0.436875        0.495279        0.775597        0.373929        1.887469
      0.438125        0.493274        0.779763        0.371813        1.884410
      0.439375        0.491277        0.783930        0.369707        1.881355
      0.440625        0.489286        0.788097        0.367610        1.878301
      0.441875        0.487301        0.792263        0.365524        1.875249
      0.443125        0.485323        0.796430        0.363449        1.872201
      0.444375        0.483351        0.800597        0.361383        1.869155
      0.445625        0.481386        0.804763        0.359328        1.866111
      0.446875        0.479428        0.808930        0.357283        1.863070
      0.448125        0.477475        0.813097        0.355247        1.860031
      0.449375        0.475529        0.817263        0.353222        1.856995
      0.450625        0.473589        0.821430        0.351206        1.853961
      0.451875        0.471655        0.825597        0.349200        1.850930
      0.453125        0.469728        0.829763        0.347205        1.847901
      0.454375        0.467807        0.833930        0.345218        1.844874
      0.455625        0.465893        0.838097        0.343242        1.841851
      0.456875        0.463984        0.842263        0.341275        1.838829
      0.458125        0.462083        0.846430        0.339318        1.835811
      0.459375        0.460187        0.850597        0.337371        1.832795
      0.460625        0.458297        0.854763        0.335433        1.829780
      0.461875        0.456414        0.858930        0.333505        1.826769
      0.463125        0.454537        0.863097        0.331586        1.823760
      0.464375        0.452666        0.867263        0.329677        1.820753
      0.465625        0.450801        0.871430        0.327777        1.817750
      0.466875        0.448942        0.875597        0.325887        1.814748
      0.468125        0.447090        0.879763        0.324006        1.811749
      0.469375        0.445243        0.883930        0.322134        1.808752
      0.470625        0.443403        0.888097        0.320272        1.805758
      0.471875        0.441569        0.892263        0.318419        1.802767
      0.473125        0.439741        0.896430        0.316574        1.799778
      0.474375        0.437919        0.900597        0.314740        1.796791
      0.475625        0.436103        0.904763        0.312914        1.793807
      0.476875        0.434293        0.908930        0.311097        1.790825
      0.478125        0.432489        0.913097        0.309289        1.787846
      0.479375        0.430691        0.917263        0.307491        1.784869
      0.480625        0.428899        0.921430        0.305701        1.781895
      0.481875        0.427113        0.925597        0.303920        1.778923
      0.483125        0.426319        0.927453        0.303130        1.777600
      0.484375        0.426319        0.927453        0.303130        1.777600
      0.485625        0.426319        0.927453        0.303130        1.777600
      0.486875        0.426319        0.927453        0.303130        1.777600
      0.488125        0.426319        0.927453        0.303130        1.777600
      0.489375        0.426319        0.927453        0.303130        1.777600
      0.490625        0.426319        0.927453        0.303130        1.777600
      0.491875        0.426319        0.927453        0.303130        1.777600
      0.493125        0.426319        0.927453        0.303130        1.777600
      0.494375        0.426319        0.927453        0.303130        1.777600
      0.495625        0.426319        0.927453        0.303130        1.777600
      0.496875        0.426319        0.927453        0.303130        1.777600
      0.498125        0.426319        0.927453        0.303130        1.777600
      0.499375        0.426319        0.927453        0.303130        1.777600
      0.500625        0.426319        0.927453        0.303130        1.777600
      0.501875        0.426319        0.927453        0.303130        1.777600
      0.503125        0.426319        0.927453        0.303130        1.777600
      0.504375        0.426319        0.927453        0.303130        1.777600
      0.505625        0.426319        0.927453        0.303130        1.777600
      0.506875        0.426319        0.927453        0.303130        1.777600
      0.508125        0.426319        0.927453        0.303130        1.777600
      0.509375        0.426319        0.927453        0.303130        1.777600
      0.510625        0.426319        0.927453        0.303130        1.777600
      0.511875        0.426319        0.927453        0.303130        1.777600
      0.513125        0.426319        0.927453        0.303130        1.777600
      0.514375        0.426319        0.927453        0.303130        1.777600
      0.515625        0.426319        0.927453        0.303130        1.777600
      0.516875        0.426319        0.927453        0.303130        1.777600
      0.518125        0.426319        0.927453        0.303130        1.777600
      0.519375        0.426319        0.927453        0.303130        1.777600
      0.520625        0.426319        0.927453        0.303130        1.777600
      0.521875        0.426319        0.927453        0.303130        1.777600
      0.523125        0.426319        0.927453        0.303130        1.777600
      0.524375        0.426319        0.927453        0.303130        1.777600
      0.525625        0.426319        0.927453        0.303130        1.777600
      0.526875        0.426319        0.927453        0.303130        1.777600
      0.528125        0.426319        0.927453        0.303130        1.777600
      0.529375        0.426319        0.927453        0.303130        1.777600
      0.530625        0.426319        0.927453        0.303130        1.777600
      0.531875        0.426319        0.927453        0.303130        1.777600
      0.533125        0.426319        0.927453        0.303130        1.777600
      0.534375        0.426319        0.927453        0.303130        1.777600
      0.535625        0.426319        0.927453        0.303130        1.777600
      0.536875        0.426319        0.927453        0.303130        1.777600
      0.538125        0.426319        0.927453        0.303130        1.777600
      0.539375        0.426319        0.927453        0.303130        1.777600
      0.540625        0.426319        0.927453        0.303130        1.777600
      0.541875        0.426319        0.927453        0.303130        1.777600
      0.543125        0.426319        0.927453        0.303130        1.777600
      0.544375        0.426319        0.927453        0.303130        1.777600
      0.545625        0.426319        0.927453        0.303130        1.777600
      0.546875        0.426319        0.927453        0.303130        1.777600
      0.548125        0.426319        0.927453        0.303130        1.777600
      0.549375        0.426319        0.927453        0.303130        1.777600
      0.550625        0.426319        0.927453        0.303130        1.777600
      0.551875        0.426319        0.927453        0.303130        1.777600
      0.553125        0.426319        0.927453        0.303130        1.777600
      0.554375        0.426319        0.927453        0.303130        1.777600
      0.555625        0.426319        0.927453        0.303130        1.777600
      0.556875        0.426319        0.927453        0.303130        1.777600
      0.558125        0.426319        0.927453        0.303130        1.777600
      0.559375        0.426319        0.927453        0.303130        1.777600
      0.560625        0.426319        0.927453        0.303130        1.777600
      0.561875        0.426319        0.927453        0.303130        1.777600
      0.563125        0.426319        0.927453        0.303130        1.777600
      0.564375        0.426319        0.927453        0.303130        1.777600
      0.565625        0.426319        0.927453        0.303130        1.777600
      0.566875        0.426319        0.927453        0.303130        1.777600
      0.568125        0.426319        0.927453        0.303130        1.777600
      0.569375        0.426319        0.927453        0.303130        1.777600
      0.570625        0.426319        0.927453        0.303130        1.777600
      0.571875        0.426319        0.927453        0.303130        1.777600
      0.573125        0.426319        0.927453        0.303130        1.777600
      0.574375        0.426319        0.927453        0.303130        1.777600
      0.575625        0.426319        0.927453        0.303130        1.777600
      0.576875        0.426319        0.927453        0.303130        1.777600
      0.578125        0.426319        0.927453        0.303130        1.777600
      0.579375        0.426319        0.927453        0.303130        1.777600
      0.580625        0.426319        0.927453        0.303130        1.777600
      0.581875        0.426319        0.927453        0.303130        1.777600
      0.583125        0.426319        0.927453        0.303130        1.777600
      0.584375        0.426319        0.927453        0.303130        1.777600
      0.585625        0.426319        0.927453        0.303130        1.777600
      0.586875        0.426319        0.927453        0.303130        1.777600
      0.588125        0.426319        0.927453        0.303130        1.777600
      0.589375        0.426319        0.927453        0.303130        1.777600
      0.590625        0.426319        0.927453        0.303130        1.777600
      0.591875        0.426319        0.927453        0.303130        1.777600
      0.593125        0.426319        0.927453        0.303130        1.777600
      0.594375        0.426319        0.927453        0.303130        1.777600
      0.595625        0.426319        0.927453        0.303130        1.777600
      0.596875        0.426319        0.927453        0.303130        1.777600
      0.598125        0.426319        0.927453        0.303130        1.777600
      0.599375        0.426319        0.927453        0.303130        1.777600
      0.600625        0.426319        0.927453        0.303130        1.777600
      0.601875        0.426319        0.927453        0.303130        1.777600
      0.603125        0.426319        0.927453        0.303130        1.777600
      0.604375        0.426319        0.927453        0.303130        1.777600
      0.605625        0.426319        0.927453        0.303130        1.777600
      0.606875        0.426319        0.927453        0.303130        1.777600
      0.608125        0.426319        0.927453        0.303130        1.777600
      0.609375        0.426319        0.927453        0.303130        1.777600
      0.610625        0.426319        0.927453        0.303130        1.777600
      0.611875        0.426319        0.927453        0.303130        1.777600
      0.613125        0.426319        0.927453        0.303130        1.777600
      0.614375        0.426319        0.927453        0.303130        1.777600
      0.615625        0.426319        0.927453        0.303130        1.777600
      0.616875        0.426319        0.927453        0.303130        1.777600
      0.618125        0.426319        0.927453        0.303130        1.777600
      0.619375        0.426319        0.927453        0.303130        1.777600
      0.620625        0.426319        0.927453        0.303130        1.777600
      0.621875        0.426319        0.927453        0.303130        1.777600
      0.623125        0.426319        0.927453        0.303130        1.777600
      0.624375        0.426319        0.927453        0.303130        1.777600
      0.625625        0.426319        0.927453        0.303130        1.777600
      0.626875        0.426319        0.927453        0.303130        1.777600
      0.628125        0.426319        0.927453        0.303130        1.777600
      0.629375        0.426319        0.927453        0.303130        1.777600
      0.630625        0.426319        0.927453        0.303130        1.777600
      0.631875        0.426319        0.927453        0.303130        1.777600
      0.633125        0.426319        0.927453        0.303130        1.777600
      0.634375        0.426319        0.927453        0.303130        1.777600
      0.635625        0.426319        0.927453        0.303130        1.777600
      0.636875        0.426319        0.927453        0.303130        1.777600
      0.638125        0.426319        0.927453        0.303130        1.777600
      0.639375        0.426319        0.927453        0.303130        1.777600
      0.640625        0.426319        0.927453        0.303130        1.777600
      0.641875        0.426319        0.927453        0.303130        1.777600
      0.643125        0.426319        0.927453        0.303130        1.777600
      0.644375        0.426319        0.927453        0.303130        1.777600
      0.645625        0.426319        0.927453        0.303130        1.777600
      0.646875        0.426319        0.927453        0.303130        1.777600
      0.648125        0.426319        0.927453        0.303130        1.777600
      0.649375        0.426319        0.927453        0.303130        1.777600
      0.650625        0.426319        0.927453        0.303130        1.777600
      0.651875        0.426319        0.927453        0.303130        1.777600
      0.653125        0.426319        0.927453        0.303130        1.777600
      0.654375        0.426319        0.927453        0.303130        1.777600
      0.655625        0.426319        0.927453        0.303130        1.777600
      0.656875        0.426319        0.927453        0.303130        1.777600
      0.658125        0.426319        0.927453        0.303130        1.777600
      0.659375        0.426319        0.927453        0.303130        1.777600
      0.660625        0.426319        0.927453        0.303130        1.777600
      0.661875        0.426319        0.927453        0.303130        1.777600
      0.663125        0.426319        0.927453        0.303130        1.777600
      0.664375        0.426319        0.927453        0.303130        1.777600
      0.665625        0.426319        0.927453        0.303130        1.777600
      0.666875        0.426319        0.927453        0.303130        1.777600
      0.668125        0.426319        0.927453        0.303130        1.777600
      0.669375        0.426319        0.927453        0.303130        1.777600
      0.670625        0.426319        0.927453        0.303130        1.777600
      0.671875        0.426319        0.927453        0.303130        1.777600
      0.673125        0.426319        0.927453        0.303130        1.777600
      0.674375        0.426319        0.927453        0.303130        1.777600
      0.675625        0.426319        0.927453        0.303130        1.777600
      0.676875        0.426319        0.927453        0.303130        1.777600
      0.678125        0.426319        0.927453        0.303130        1.777600
      0.679375        0.426319        0.927453        0.303130        1.777600
      0.680625        0.426319        0.927453        0.303130        1.777600
      0.681875        0.426319        0.927453        0.303130        1.777600
      0.683125        0.426319        0.927453        0.303130        1.777600
      0.684375        0.426319        0.927453        0.303130        1.777600
      0.685625        0.426319        0.927453        0.303130        1.777600
      0.686875        0.426319        0.927453        0.303130        1.777600
      0.688125        0.426319        0.927453        0.303130        1.777600
      0.689375        0.426319        0.927453        0.303130        1.777600
      0.690625        0.426319        0.927453        0.303130        1.777600
      0.691875        0.426319        0.927453        0.303130        1.777600
      0.693125        0.426319        0.927453        0.303130        1.777600
      0.694375        0.426319        0.927453        0.303130        1.777600
      0.695625        0.426319        0.927453        0.303130        1.777600
      0.696875        0.426319        0.927453        0.303130        1.777600
      0.698125        0.426319        0.927453        0.303130        1.777600
      0.699375        0.426319        0.927453        0.303130        1.777600
      0.700625        0.426319        0.927453        0.303130        1.777600
      0.701875        0.426319        0.927453        0.303130        1.777600
      0.703125        0.426319        0.927453        0.303130        1.777600
      0.704375        0.426319        0.927453        0.303130        1.777600
      0.705625        0.426319        0.927453        0.303130        1.777600
      0.706875        0.426319        0.927453        0.303130        1.777600
      0.708125        0.426319        0.927453        0.303130        1.777600
      0.709375        0.426319        0.927453        0.303130        1.777600
      0.710625        0.426319        0.927453        0.303130        1.777600
      0.711875        0.426319        0.927453        0.303130        1.777600
      0.713125        0.426319        0.927453        0.303130        1.777600
      0.714375        0.426319        0.927453        0.303130        1.777600
      0.715625        0.426319        0.927453        0.303130        1.777600
      0.716875        0.426319        0.927453        0.303130        1.777600
      0.718125        0.426319        0.927453        0.303130        1.777600
      0.719375        0.426319        0.927453        0.303130        1.777600
      0.720625        0.426319        0.927453        0.303130        1.777600
      0.721875        0.426319        0.927453        0.303130        1.777600
      0.723125        0.426319        0.927453        0.303130        1.777600
      0.724375        0.426319        0.927453        0.303130        1.777600
      0.725625        0.426319        0.927453        0.303130        1.777600
      0.726875        0.426319        0.927453        0.303130        1.777600
      0.728125        0.426319        0.927453        0.303130        1.777600
      0.729375        0.426319        0.927453        0.303130        1.777600
      0.730625        0.426319        0.927453        0.303130        1.777600
      0.731875        0.265574        0.927453        0.303130        2.853541
      0.733125        0.265574        0.927453        0.303130        2.853541
      0.734375        0.265574        0.927453        0.303130        2.853541
      0.735625        0.265574        0.927453        0.303130        2.853541
      0.736875        0.265574        0.927453        0.303130        2.853541
      0.738125        0.265574        0.927453        0.303130        2.853541
      0.739375        0.265574        0.927453        0.303130        2.853541
      0.740625        0.265574        0.927453        0.303130        2.853541
      0.741875        0.265574        0.927453        0.303130        2.853541
      0.743125        0.265574        0.927453        0.303130        2.853541
      0.744375        0.265574        0.927453        0.303130        2.853541
      0.745625        0.265574        0.927453        0.303130        2.853541
      0.746875        0.265574        0.927453        0.303130        2.853541
      0.748125        0.265574        0.927453        0.303130        2.853541
      0.749375        0.265574        0.927453        0.303130        2.853541
      0.750625        0.265574        0.927453        0.303130        2.853541
      0.751875        0.265574        0.927453        0.303130        2.853541
      0.753125        0.265574        0.927453        0.303130        2.853541
      0.754375        0.265574        0.927453        0.303130        2.853541
      0.755625        0.265574        0.927453        0.303130        2.853541
      0.756875        0.265574        0.927453        0.303130        2.853541
      0.758125        0.265574        0.927453        0.303130        2.853541
      0.759375        0.265574        0.927453        0.303130        2.853541
      0.760625        0.265574        0.927453        0.303130        2.853541
      0.761875        0.265574        0.927453        0.303130        2.853541
      0.763125        0.265574        0.927453        0.303130        2.853541
      0.764375        0.265574        0.927453        0.303130        2.853541
      0.765625        0.265574        0.927453        0.303130        2.853541
      0.766875        0.265574        0.927453        0.303130        2.853541
      0.768125        0.265574        0.927453        0.303130        2.853541
      0.769375        0.265574        0.927453        0.303130        2.853541
      0.770625        0.265574        0.927453        0.303130        2.853541
      0.771875        0.265574        0.927453        0.303130        2.853541
      0.773125        0.265574        0.927453        0.303130        2.853541
      0.774375        0.265574        0.927453        0.303130        2.853541
      0.775625        0.265574        0.927453        0.303130        2.853541
      0.776875        0.265574        0.927453        0.303130        2.853541
      0.778125        0.265574        0.927453        0.303130        2.853541
      0.779375        0.265574        0.927453        0.303130        2.853541
      0.780625        0.265574        0.927453        0.303130        2.853541
      0.781875        0.265574        0.927453        0.303130        2.853541
      0.783125        0.265574        0.927453        0.303130        2.853541
      0.784375        0.265574        0.927453        0.303130        2.853541
      0.785625        0.265574        0.927453        0.303130        2.853541
      0.786875        0.265574        0.927453        0.303130        2.853541
      0.788125        0.265574        0.927453        0.303130        2.853541
      0.789375        0.265574        0.927453        0.303130        2.853541
      0.790625        0.265574        0.927453        0.303130        2.853541
      0.791875        0.265574        0.927453        0.303130        2.853541
      0.793125        0.265574        0.927453        0.303130        2.853541
      0.794375        0.265574        0.927453        0.303130        2.853541
      0.795625        0.265574        0.927453        0.303130        2.853541
      0.796875        0.265574        0.927453        0.303130        2.853541
      0.798125        0.265574        0.927453        0.303130        2.853541
      0.799375        0.265574        0.927453        0.303130        2.853541
      0.800625        0.265574        0.927453        0.303130        2.853541
      0.801875        0.265574        0.927453        0.303130        2.853541
      0.803125        0.265574        0.927453        0.303130        2.853541
      0.804375        0.265574        0.927453        0.303130        2.853541
      0.805625        0.265574        0.927453        0.303130        2.853541
      0.806875        0.265574        0.927453        0.303130        2.853541
      0.808125        0.265574        0.927453        0.303130        2.853541
      0.809375        0.265574        0.927453        0.303130        2.853541
      0.810625        0.265574        0.927453        0.303130        2.853541
      0.811875        0.265574        0.927453        0.303130        2.853541
      0.813125        0.265574        0.927453        0.303130        2.853541
      0.814375        0.265574        0.927453        0.303130        2.853541
      0.815625        0.265574        0.927453        0.303130        2.853541
      0.816875        0.265574        0.927453        0.303130        2.853541
      0.818125        0.265574        0.927453        0.303130        2.853541
      0.819375        0.265574        0.927453        0.303130        2.853541
      0.820625        0.265574        0.927453        0.303130        2.853541
      0.821875        0.265574        0.927453        0.303130        2.853541
      0.823125        0.265574        0.927453        0.303130        2.853541
      0.824375        0.265574        0.927453        0.303130        2.853541
      0.825625        0.265574        0.927453        0.303130        2.853541
      0.826875        0.265574        0.927453        0.303130        2.853541
      0.828125        0.265574        0.927453        0.303130        2.853541
      0.829375        0.265574        0.927453        0.303130        2.853541
      0.830625        0.265574        0.927453        0.303130        2.853541
      0.831875        0.265574        0.927453        0.303130        2.853541
      0.833125        0.265574        0.927453        0.303130        2.853541
      0.834375        0.265574        0.927453        0.303130        2.853541
      0.835625        0.265574        0.927453        0.303130        2.853541
      0.836875        0.265574        0.927453        0.303130        2.853541
      0.838125        0.265574        0.927453        0.303130        2.853541
      0.839375        0.265574        0.927453        0.303130        2.853541
      0.840625        0.265574        0.927453        0.303130        2.853541
      0.841875        0.265574        0.927453        0.303130        2.853541
      0.843125        0.265574        0.927453        0.303130        2.853541
      0.844375        0.265574        0.927453        0.303130        2.853541
      0.845625        0.265574        0.927453        0.303130        2.853541
      0.846875        0.265574        0.927453        0.303130        2.853541
      0.848125        0.265574        0.927453        0.303130        2.853541
      0.849375        0.265574        0.927453        0.303130        2.853541
      0.850625        0.265574        0.927453        0.303130        2.853541
      0.851875        0.265574        0.927453        0.303130        2.853541
      0.853125        0.265574        0.927453        0.303130        2.853541
      0.854375        0.265574        0.927453        0.303130        2.853541
      0.855625        0.265574        0.927453        0.303130        2.853541
      0.856875        0.265574        0.927453        0.303130        2.853541
      0.858125        0.265574        0.927453        0.303130        2.853541
      0.859375        0.265574        0.927453        0.303130        2.853541
      0.860625        0.265574        0.927453        0.303130        2.853541
      0.861875        0.265574        0.927453        0.303130        2.853541
      0.863125        0.265574        0.927453        0.303130        2.853541
      0.864375        0.265574        0.927453        0.303130        2.853541
      0.865625        0.265574        0.927453        0.303130        2.853541
      0.866875        0.265574        0.927453        0.303130        2.853541
      0.868125        0.265574        0.927453        0.303130        2.853541
      0.869375        0.265574        0.927453        0.303130        2.853541
      0.870625        0.265574        0.927453        0.303130        2.853541
      0.871875        0.265574        0.927453        0.303130        2.853541
      0.873125        0.265574        0.927453        0.303130        2.853541
      0.874375        0.265574        0.927453        0.303130        2.853541
      0.875625        0.265574        0.927453        0.303130        2.853541
      0.876875        0.265574        0.927453        0.303130        2.853541
      0.878125        0.265574        0.927453        0.303130        2.853541
      0.879375        0.265574        0.927453        0.303130        2.853541
      0.880625        0.265574        0.927453        0.303130        2.853541
      0.881875        0.265574        0.927453        0.303130        2.853541
      0.883125        0.265574        0.927453        0.303130        2.853541
      0.884375        0.265574        0.927453        0.303130        2.853541
      0.885625        0.265574        0.927453        0.303130        2.853541
      0.886875        0.265574        0.927453        0.303130        2.853541
      0.888125        0.265574        0.927453        0.303130        2.853541
      0.889375        0.265574        0.927453        0.303130        2.853541
      0.890625        0.265574        0.927453        0.303130        2.853541
      0.891875        0.265574        0.927453        0.303130        2.853541
      0.893125        0.265574        0.927453        0.303130        2.853541
      0.894375        0.265574        0.927453        0.303130        2.853541
      0.895625        0.265574        0.927453        0.303130        2.853541
      0.896875        0.265574        0.927453        0.303130        2.853541
      0.898125        0.265574        0.927453        0.303130        2.853541
      0.899375        0.265574        0.927453        0.303130        2.853541
      0.900625        0.265574        0.927453        0.303130        2.853541
      0.901875        0.265574        0.927453        0.303130        2.853541
      0.903125        0.265574        0.927453        0.303130        2.853541
      0.904375        0.265574        0.927453        0.303130        2.853541
      0.905625        0.265574        0.927453        0.303130        2.853541
      0.906875        0.265574        0.927453        0.303130        2.853541
      0.908125        0.265574        0.927453        0.303130        2.853541
      0.909375        0.265574        0.927453        0.303130        2.853541
      0.910625        0.265574        0.927453        0.303130        2.853541
      0.911875        0.265574        0.927453        0.303130        2.853541
      0.913125        0.265574        0.927453        0.303130        2.853541
      0.914375        0.265574        0.927453        0.303130        2.853541
      0.915625        0.265574        0.927453        0.303130        2.853541
      0.916875        0.265574        0.927453        0.303130        2.853541
      0.918125        0.265574        0.927453        0.303130        2.853541
      0.919375        0.265574        0.927453        0.303130        2.853541
      0.920625        0.265574        0.927453        0.303130        2.853541
      0.921875        0.265574        0.927453        0.303130        2.853541
      0.923125        0.265574        0.927453        0.303130        2.853541
      0.924375        0.265574        0.927453        0.303130        2.853541
      0.925625        0.265574        0.927453        0.303130        2.853541
      0.926875        0.265574        0.927453        0.303130        2.853541
      0.928125        0.265574        0.927453        0.303130        2.853541
      0.929375        0.265574        0.927453        0.303130        2.853541
      0.930625        0.265574        0.927453        0.303130        2.853541
      0.931875        0.265574        0.927453        0.303130        2.853541
      0.933125        0.265574        0.927453        0.303130        2.853541
      0.934375        0.265574        0.927453        0.303130        2.853541
      0.935625        0.265574        0.927453        0.303130        2.853541
      0.936875        0.265574        0.927453        0.303130        2.853541
      0.938125        0.125000        0.000000        0.100000        2.000000
      0.939375        0.125000        0.000000        0.100000        2.000000
      0.940625        0.125000        0.000000        0.100000        2.000000
      0.941875        0.125000        0.000000        0.100000        2.000000
      0.943125        0.125000        0.000000        0.100000        2.000000
      0.944375        0.125000        0.000000        0.100000        2.000000
      0.945625        0.125000        0.000000        0.100000        2.000000
      0.946875        0.125000        0.000000        0.100000        2.000000
      0.948125        0.125000        0.000000        0.100000        2.000000
      0.949375        0.125000        0.000000        0.100000        2.000000
      0.950625        0.125000        0.000000        0.100000        2.000000
      0.951875        0.125000        0.000000        0.100000        2.000000
      0.953125        0.125000        0.000000        0.100000        2.000000
      0.954375        0.125000        0.000000        0.100000        2.000000
      0.955625        0.125000        0.000000        0.100000        2.000000
      0.956875        0.125000        0.000000        0.100000        2.000000
      0.958125        0.125000        0.000000        0.100000        2.000000
      0.959375        0.125000        0.000000        0.100000        2.000000
      0.960625        0.125000        0.000000        0.100000        2.000000
      0.961875        0.125000        0.000000        0.100000        2.000000
      0.963125        0.125000        0.000000        0.100000        2.000000
      0.964375        0.125000        0.000000        0.100000        2.000000
      0.965625        0.125000        0.000000        0.100000        2.000000
      0.966875        0.125000        0.000000        0.100000        2.000000
      0.968125        0.125000        0.000000        0.100000        2.000000
      0.969375        0.125000        0.000000        0.100000        2.000000
      0.970625        0.125000        0.000000        0.100000        2.000000
      0.971875        0.125000        0.000000        0.100000        2.000000
      0.973125        0.125000        0.000000        0.100000        2.000000
      0.974375        0.125000        0.000000        0.100000        2.000000
      0.975625        0.125000        0.000000        0.100000        2.000000
      0.976875        0.125000        0.000000        0.100000        2.000000
      0.978125        0.125000        0.000000        0.100000        2.000000
      0.979375        0.125000        0.000000        0.100000        2.000000
      0.980625        0.125000        0.000000        0.100000        2.000000
      0.981875        0.125000        0.000000        0.100000        2.000000
      0.983125        0.125000        0.000000        0.100000        2.000000
      0.984375        0.125000        0.000000        0.100000        2.000000
      0.985625        0.125000        0.000000        0.100000        2.000000
      0.986875        0.125000        0.000000        0.100000        2.000000
      0.988125        0.125000        0.000000        0.100000        2.000000
      0.989375        0.125000        0.000000        0.100000        2.000000
      0.990625        0.125000        0.000000        0.100000        2.000000
      0.991875        0.125000        0.000000        0.100000        2.000000
      0.993125        0.125000        0.000000        0.100000        2.000000
      0.994375        0.125000        0.000000        0.100000        2.000000
      0.995625        0.125000        0.000000        0.100000        2.000000
      0.996875        0.125000        0.000000        0.100000        2.000000
      0.998125        0.125000        0.000000        0.100000        2.000000
      0.999375        0.125000        0.000000        0.100000        2.000000
