      0.000625        5.999240       19.597500      460.894012      192.063522
      0.001875        5.999240       19.597500      460.894012      192.063522
      0.003125        5.999240       19.597500      460.894012      192.063522
      0.004375        5.999240       19.597500      460.894012      192.063522
      0.005625        5.999240       19.597500      460.894012      192.063522
      0.006875        5.999240       19.597500      460.894012      192.063522
      0.008125        5.999240       19.597500      460.894012      192.063522
      0.009375        5.999240       19.597500      460.894012      192.063522
      0.010625        5.999240       19.597500      460.894012      192.063522
      0.011875        5.999240       19.597500      460.894012      192.063522
      0.013125        5.999240       19.597500      460.894012      192.063522
      0.014375        5.999240       19.597500      460.894012      192.063522
      0.015625        5.999240       19.597500      460.894012      192.063522
      0.016875        5.999240       19.597500      460.894012      192.063522
      0.018125        5.999240       19.597500      460.894012      192.063522
      0.019375        5.999240       19.597500      460.894012      192.063522
      0.020625        5.999240       19.597500      460.894012      192.063522
      0.021875        5.999240       19.597500      460.894012      192.063522
      0.023125        5.999240       19.597500      460.894012      192.063522
      0.024375        5.999240       19.597500      460.894012      192.063522
      0.025625        5.999240       19.597500      460.894012      192.063522
      0.026875        5.999240       19.597500      460.894012      192.063522
      0.028125        5.999240       19.597500      460.894012      192.063522
      0.029375        5.999240       19.597500      460.894012      192.063522
      0.030625        5.999240       19.597500      460.894012      192.063522
      0.031875        5.999240       19.597500      460.894012      192.063522
      0.033125        5.999240       19.597500      460.894012      192.063522
      0.034375        5.999240       19.597500      460.894012      192.063522
      0.035625        5.999240       19.597500      460.894012      192.063522
      0.036875        5.999240       19.597500      460.894012      192.063522
      0.038125        5.999240       19.597500      460.894012      192.063522
      0.039375        5.999240       19.597500      460.894012      192.063522
      0.040625        5.999240       19.597500      460.894012      192.063522
      0.041875        5.999240       19.597500      460.894012      192.063522
      0.043125        5.999240       19.597500      460.894012      192.063522
      0.044375        5.999240       19.597500      460.894012      192.063522
      0.045625        5.999240       19.597500      460.894012      192.063522
      0.046875        5.999240       19.597500      460.894012      192.063522
      0.048125        5.999240       19.597500      460.894012      192.063522
      0.049375        5.999240       19.597500      460.894012      192.063522
      0.050625        5.999240       19.597500      460.894012      192.063522
      0.051875        5.999240       19.597500      460.894012      192.063522
      0.053125        5.999240       19.597500      460.894012      192.063522
      0.054375        5.999240       19.597500      460.894012      192.063522
      0.055625        5.999240       19.597500      460.894012      192.063522
      0.056875        5.999240       19.597500      460.894012      192.063522
      0.058125        5.999240       19.597500      460.894012      192.063522
      0.059375        5.999240       19.597500      460.894012      192.063522
      0.060625        5.999240       19.597500      460.894012      192.063522
      0.061875        5.999240       19.597500      460.894012      192.063522
      0.063125        5.999240       19.597500      460.894012      192.063522
      0.064375        5.999240       19.597500      460.894012      192.063522
      0.065625        5.999240       19.597500      460.894012      192.063522
      0.066875        5.999240       19.597500      460.894012      192.063522
      0.068125        5.999240       19.597500      460.894012      192.063522
      0.069375        5.999240       19.597500      460.894012      192.063522
      0.070625        5.999240       19.597500      460.894012      192.063522
      0.071875        5.999240       19.597500      460.894012      192.063522
      0.073125        5.999240       19.597500      460.894012      192.063522
      0.074375        5.999240       19.597500      460.894012      192.063522
      0.075625        5.999240       19.597500      460.894012      192.063522
      0.076875        5.999240       19.597500      460.894012      192.063522
      0.078125        5.999240       19.597500      460.894012      192.063522
      0.079375        5.999240       19.597500      460.894012      192.063522
      0.080625        5.999240       19.597500      460.894012      192.063522
      0.081875        5.999240       19.597500      460.894012      192.063522
      0.083125        5.999240       19.597500      460.894012      192.063522
      0.084375        5.999240       19.597500      460.894012      192.063522
      0.085625        5.999240       19.597500      460.894012      192.063522
      0.086875        5.999240       19.597500      460.894012      192.063522
      0.088125        5.999240       19.597500      460.894012      192.063522
      0.089375        5.999240       19.597500      460.894012      192.063522
      0.090625        5.999240       19.597500      460.894012      192.063522
      0.091875        5.999240       19.597500      460.894012      192.063522
      0.093125        5.999240       19.597500      460.894012      192.063522
      0.094375        5.999240       19.597500      460.894012      192.063522
      0.095625        5.999240       19.597500      460.894012      192.063522
      0.096875        5.999240       19.597500      460.894012      192.063522
      0.098125        5.999240       19.597500      460.894012      192.063522
      0.099375        5.999240       19.597500      460.894012      192.063522
      0.100625        5.999240       19.597500      460.894012      192.063522
      0.101875        5.999240       19.597500      460.894012      192.063522
      0.103125        5.999240       19.597500      460.894012      192.063522
      0.104375        5.999240       19.597500      460.894012      192.063522
      0.105625        5.999240       19.597500      460.894012      192.063522
      0.106875        5.999240       19.597500      460.894012      192.063522
      0.108125        5.999240       19.597500      460.894012      192.063522
      0.109375        5.999240       19.597500      460.894012      192.063522
      0.110625        5.999240       19.597500      460.894012      192.063522
      0.111875        5.999240       19.597500      460.894012      192.063522
      0.113125        5.999240       19.597500      460.894012      192.063522
      0.114375        5.999240       19.597500      460.894012      192.063522
      0.115625        5.999240       19.597500      460.894012      192.063522
      0.116875        5.999240       19.597500      460.894012      192.063522
      0.118125        5.999240       19.597500      460.894012      192.063522
      0.119375        5.999240       19.597500      460.894012      192.063522
      0.120625        5.999240       19.597500      460.894012      192.063522
      0.121875        5.999240       19.597500      460.894012      192.063522
      0.123125        5.999240       19.597500      460.894012      192.063522
      0.124375        5.999240       19.597500      460.894012      192.063522
      0.125625        5.999240       19.597500      460.894012      192.063522
      0.126875        5.999240       19.597500      460.894012      192.063522
      0.128125        5.999240       19.597500      460.894012      192.063522
      0.129375        5.999240       19.597500      460.894012      192.063522
      0.130625        5.999240       19.597500      460.894012      192.063522
      0.131875        5.999240       19.597500      460.894012      192.063522
      0.133125        5.999240       19.597500      460.894012      192.063522
      0.134375        5.999240       19.597500      460.894012      192.063522
      0.135625        5.999240       19.597500      460.894012      192.063522
      0.136875        5.999240       19.597500      460.894012      192.063522
      0.138125        5.999240       19.597500      460.894012      192.063522
      0.139375        5.999240       19.597500      460.894012      192.063522
      0.140625        5.999240       19.597500      460.894012      192.063522
      0.141875        5.999240       19.597500      460.894012      192.063522
      0.143125        5.999240       19.597500      460.894012      192.063522
      0.144375        5.999240       19.597500      460.894012      192.063522
      0.145625        5.999240       19.597500      460.894012      192.063522
      0.146875        5.999240       19.597500      460.894012      192.063522
      0.148125        5.999240       19.597500      460.894012      192.063522
      0.149375        5.999240       19.597500      460.894012      192.063522
      0.150625        5.999240       19.597500      460.894012      192.063522
      0.151875        5.999240       19.597500      460.894012      192.063522
      0.153125        5.999240       19.597500      460.894012      192.063522
      0.154375        5.999240       19.597500      460.894012      192.063522
      0.155625        5.999240       19.597500      460.894012      192.063522
      0.156875        5.999240       19.597500      460.894012      192.063522
      0.158125        5.999240       19.597500      460.894012      192.063522
      0.159375        5.999240       19.597500      460.894012      192.063522
      0.160625        5.999240       19.597500      460.894012      192.063522
      0.161875        5.999240       19.597500      460.894012      192.063522
      0.163125        5.999240       19.597500      460.894012      192.063522
      0.164375        5.999240       19.597500      460.894012      192.063522
      0.165625        5.999240       19.597500      460.894012      192.063522
      0.166875        5.999240       19.597500      460.894012      192.063522
      0.168125        5.999240       19.597500      460.894012      192.063522
      0.169375        5.999240       19.597500      460.894012      192.063522
      0.170625        5.999240       19.597500      460.894012      192.063522
      0.171875        5.999240       19.597500      460.894012      192.063522
      0.173125        5.999240       19.597500      460.894012      192.063522
      0.174375        5.999240       19.597500      460.894012      192.063522
      0.175625        5.999240       19.597500      460.894012      192.063522
      0.176875        5.999240       19.597500      460.894012      192.063522
      0.178125        5.999240       19.597500      460.894012      192.063522
      0.179375        5.999240       19.597500      460.894012      192.063522
      0.180625        5.999240       19.597500      460.894012      192.063522
      0.181875        5.999240       19.597500      460.894012      192.063522
      0.183125        5.999240       19.597500      460.894012      192.063522
      0.184375        5.999240       19.597500      460.894012      192.063522
      0.185625        5.999240       19.597500      460.894012      192.063522
      0.186875        5.999240       19.597500      460.894012      192.063522
      0.188125        5.999240       19.597500      460.894012      192.063522
      0.189375        5.999240       19.597500      460.894012      192.063522
      0.190625        5.999240       19.597500      460.894012      192.063522
      0.191875        5.999240       19.597500      460.894012      192.063522
      0.193125        5.999240       19.597500      460.894012      192.063522
      0.194375        5.999240       19.597500      460.894012      192.063522
      0.195625        5.999240       19.597500      460.894012      192.063522
      0.196875        5.999240       19.597500      460.894012      192.063522
      0.198125        5.999240       19.597500      460.894012      192.063522
      0.199375        5.999240       19.597500      460.894012      192.063522
      0.200625        5.999240       19.597500      460.894012      192.063522
      0.201875        5.999240       19.597500      460.894012      192.063522
      0.203125        5.999240       19.597500      460.894012      192.063522
      0.204375        5.999240       19.597500      460.894012      192.063522
      0.205625        5.999240       19.597500      460.894012      192.063522
      0.206875        5.999240       19.597500      460.894012      192.063522
      0.208125        5.999240       19.597500      460.894012      192.063522
      0.209375        5.999240       19.597500      460.894012      192.063522
      0.210625        5.999240       19.597500      460.894012      192.063522
      0.211875        5.999240       19.597500      460.894012      192.063522
      0.213125        5.999240       19.597500      460.894012      192.063522
      0.214375        5.999240       19.597500      460.894012      192.063522
      0.215625        5.999240       19.597500      460.894012      192.063522
      0.216875        5.999240       19.597500      460.894012      192.063522
      0.218125        5.999240       19.597500      460.894012      192.063522
      0.219375        5.999240       19.597500      460.894012      192.063522
      0.220625        5.999240       19.597500      460.894012      192.063522
      0.221875        5.999240       19.597500      460.894012      192.063522
      0.223125        5.999240       19.597500      460.894012      192.063522
      0.224375        5.999240       19.597500      460.894012      192.063522
      0.225625        5.999240       19.597500      460.894012      192.063522
      0.226875        5.999240       19.597500      460.894012      192.063522
      0.228125        5.999240       19.597500      460.894012      192.063522
      0.229375        5.999240       19.597500      460.894012      192.063522
      0.230625        5.999240       19.597500      460.894012      192.063522
      0.231875        5.999240       19.597500      460.894012      192.063522
      0.233125        5.999240       19.597500      460.894012      192.063522
      0.234375        5.999240       19.597500      460.894012      192.063522
      0.235625        5.999240       19.597500      460.894012      192.063522
      0.236875        5.999240       19.597500      460.894012      192.063522
      0.238125        5.999240       19.597500      460.894012      192.063522
      0.239375        5.999240       19.597500      460.894012      192.063522
      0.240625        5.999240       19.597500      460.894012      192.063522
      0.241875        5.999240       19.597500      460.894012      192.063522
      0.243125        5.999240       19.597500      460.894012      192.063522
      0.244375        5.999240       19.597500      460.894012      192.063522
      0.245625        5.999240       19.597500      460.894012      192.063522
      0.246875        5.999240       19.597500      460.894012      192.063522
      0.248125        5.999240       19.597500      460.894012      192.063522
      0.249375        5.999240       19.597500      460.894012      192.063522
      0.250625        5.999240       19.597500      460.894012      192.063522
      0.251875        5.999240       19.597500      460.894012      192.063522
      0.253125        5.999240       19.597500      460.894012      192.063522
      0.254375        5.999240       19.597500      460.894012      192.063522
      0.255625        5.999240       19.597500      460.894012      192.063522
      0.256875        5.999240       19.597500      460.894012      192.063522
      0.258125        5.999240       19.597500      460.894012      192.063522
      0.259375        5.999240       19.597500      460.894012      192.063522
      0.260625        5.999240       19.597500      460.894012      192.063522
      0.261875        5.999240       19.597500      460.894012      192.063522
      0.263125        5.999240       19.597500      460.894012      192.063522
      0.264375        5.999240       19.597500      460.894012      192.063522
      0.265625        5.999240       19.597500      460.894012      192.063522
      0.266875        5.999240       19.597500      460.894012      192.063522
      0.268125        5.999240       19.597500      460.894012      192.063522
      0.269375        5.999240       19.597500      460.894012      192.063522
      0.270625        5.999240       19.597500      460.894012      192.063522
      0.271875        5.999240       19.597500      460.894012      192.063522
      0.273125        5.999240       19.597500      460.894012      192.063522
      0.274375        5.999240       19.597500      460.894012      192.063522
      0.275625        5.999240       19.597500      460.894012      192.063522
      0.276875        5.999240       19.597500      460.894012      192.063522
      0.278125        5.999240       19.597500      460.894012      192.063522
      0.279375        5.999240       19.597500      460.894012      192.063522
      0.280625        5.999240       19.597500      460.894012      192.063522
      0.281875        5.999240       19.597500      460.894012      192.063522
      0.283125        5.999240       19.597500      460.894012      192.063522
      0.284375        5.999240       19.597500      460.894012      192.063522
      0.285625        5.999240       19.597500      460.894012      192.063522
      0.286875        5.999240       19.597500      460.894012      192.063522
      0.288125        5.999240       19.597500      460.894012      192.063522
      0.289375        5.999240       19.597500      460.894012      192.063522
      0.290625        5.999240       19.597500      460.894012      192.063522
      0.291875        5.999240       19.597500      460.894012      192.063522
      0.293125        5.999240       19.597500      460.894012      192.063522
      0.294375        5.999240       19.597500      460.894012      192.063522
      0.295625        5.999240       19.597500      460.894012      192.063522
      0.296875        5.999240       19.597500      460.894012      192.063522
      0.298125        5.999240       19.597500      460.894012      192.063522
      0.299375        5.999240       19.597500      460.894012      192.063522
      0.300625        5.999240       19.597500      460.894012      192.063522
      0.301875        5.999240       19.597500      460.894012      192.063522
      0.303125        5.999240       19.597500      460.894012      192.063522
      0.304375        5.999240       19.597500      460.894012      192.063522
      0.305625        5.999240       19.597500      460.894012      192.063522
      0.306875        5.999240       19.597500      460.894012      192.063522
      0.308125        5.999240       19.597500      460.894012      192.063522
      0.309375        5.999240       19.597500      460.894012      192.063522
      0.310625        5.999240       19.597500      460.894012      192.063522
      0.311875        5.999240       19.597500      460.894012      192.063522
      0.313125        5.999240       19.597500      460.894012      192.063522
      0.314375        5.999240       19.597500      460.894012      192.063522
      0.315625        5.999240       19.597500      460.894012      192.063522
      0.316875        5.999240       19.597500      460.894012      192.063522
      0.318125        5.999240       19.597500      460.894012      192.063522
      0.319375        5.999240       19.597500      460.894012      192.063522
      0.320625        5.999240       19.597500      460.894012      192.063522
      0.321875        5.999240       19.597500      460.894012      192.063522
      0.323125        5.999240       19.597500      460.894012      192.063522
      0.324375        5.999240       19.597500      460.894012      192.063522
      0.325625        5.999240       19.597500      460.894012      192.063522
      0.326875        5.999240       19.597500      460.894012      192.063522
      0.328125        5.999240       19.597500      460.894012      192.063522
      0.329375        5.999240       19.597500      460.894012      192.063522
      0.330625        5.999240       19.597500      460.894012      192.063522
      0.331875        5.999240       19.597500      460.894012      192.063522
      0.333125        5.999240       19.597500      460.894012      192.063522
      0.334375        5.999240       19.597500      460.894012      192.063522
      0.335625        5.999240       19.597500      460.894012      192.063522
      0.336875        5.999240       19.597500      460.894012      192.063522
      0.338125        5.999240       19.597500      460.894012      192.063522
      0.339375        5.999240       19.597500      460.894012      192.063522
      0.340625        5.999240       19.597500      460.894012      192.063522
      0.341875        5.999240       19.597500      460.894012      192.063522
      0.343125        5.999240       19.597500      460.894012      192.063522
      0.344375        5.999240       19.597500      460.894012      192.063522
      0.345625        5.999240       19.597500      460.894012      192.063522
      0.346875        5.999240       19.597500      460.894012      192.063522
      0.348125        5.999240       19.597500      460.894012      192.063522
      0.349375        5.999240       19.597500      460.894012      192.063522
      0.350625        5.999240       19.597500      460.894012      192.063522
      0.351875        5.999240       19.597500      460.894012      192.063522
      0.353125        5.999240       19.597500      460.894012      192.063522
      0.354375        5.999240       19.597500      460.894012      192.063522
      0.355625        5.999240       19.597500      460.894012      192.063522
      0.356875        5.999240       19.597500      460.894012      192.063522
      0.358125        5.999240       19.597500      460.894012      192.063522
      0.359375        5.999240       19.597500      460.894012      192.063522
      0.360625        5.999240       19.597500      460.894012      192.063522
      0.361875        5.999240       19.597500      460.894012      192.063522
      0.363125        5.999240       19.597500      460.894012      192.063522
      0.364375        5.999240       19.597500      460.894012      192.063522
      0.365625        5.999240       19.597500      460.894012      192.063522
      0.366875        5.999240       19.597500      460.894012      192.063522
      0.368125        5.999240       19.597500      460.894012      192.063522
      0.369375        5.999240       19.597500      460.894012      192.063522
      0.370625        5.999240       19.597500      460.894012      192.063522
      0.371875        5.999240       19.597500      460.894012      192.063522
      0.373125        5.999240       19.597500      460.894012      192.063522
      0.374375        5.999240       19.597500      460.894012      192.063522
      0.375625        5.999240       19.597500      460.894012      192.063522
      0.376875        5.999240       19.597500      460.894012      192.063522
      0.378125        5.999240       19.597500      460.894012      192.063522
      0.379375        5.999240       19.597500      460.894012      192.063522
      0.380625        5.999240       19.597500      460.894012      192.063522
      0.381875        5.999240       19.597500      460.894012      192.063522
      0.383125        5.999240       19.597500      460.894012      192.063522
      0.384375        5.999240       19.597500      460.894012      192.063522
      0.385625        5.999240       19.597500      460.894012      192.063522
      0.386875        5.999240       19.597500      460.894012      192.063522
      0.388125        5.999240       19.597500      460.894012      192.063522
      0.389375        5.999240       19.597500      460.894012      192.063522
      0.390625        5.999240       19.597500      460.894012      192.063522
      0.391875        5.999240       19.597500      460.894012      192.063522
      0.393125        5.999240       19.597500      460.894012      192.063522
      0.394375        5.999240       19.597500      460.894012      192.063522
      0.395625        5.999240       19.597500      460.894012      192.063522
      0.396875        5.999240       19.597500      460.894012      192.063522
      0.398125        5.999240       19.597500      460.894012      192.063522
      0.399375        5.999240       19.597500      460.894012      192.063522
      0.400625        5.999240       19.597500      460.894012      192.063522
      0.401875        5.999240       19.597500      460.894012      192.063522
      0.403125        5.999240       19.597500      460.894012      192.063522
      0.404375        5.999240       19.597500      460.894012      192.063522
      0.405625        5.999240       19.597500      460.894012      192.063522
      0.406875        5.999240       19.597500      460.894012      192.063522
      0.408125        5.999240       19.597500      460.894012      192.063522
      0.409375        5.999240       19.597500      460.894012      192.063522
      0.410625        5.999240       19.597500      460.894012      192.063522
      0.411875        5.999240       19.597500      460.894012      192.063522
      0.413125        5.999240       19.597500      460.894012      192.063522
      0.414375        5.999240       19.597500      460.894012      192.063522
      0.415625        5.999240       19.597500      460.894012      192.063522
      0.416875        5.999240       19.597500      460.894012      192.063522
      0.418125        5.999240       19.597500      460.894012      192.063522
      0.419375        5.999240       19.597500      460.894012      192.063522
      0.420625        5.999240       19.597500      460.894012      192.063522
      0.421875        5.999240       19.597500      460.894012      192.063522
      0.423125        5.999240       19.597500      460.894012      192.063522
      0.424375        5.999240       19.597500      460.894012      192.063522
      0.425625        5.999240       19.597500      460.894012      192.063522
      0.426875        5.999240       19.597500      460.894012      192.063522
      0.428125        5.999240       19.597500      460.894012      192.063522
      0.429375        5.999240       19.597500      460.894012      192.063522
      0.430625        5.999240       19.597500      460.894012      192.063522
      0.431875        5.999240       19.597500      460.894012      192.063522
      0.433125        5.999240       19.597500      460.894012      192.063522
      0.434375        5.999240       19.597500      460.894012      192.063522
      0.435625        5.999240       19.597500      460.894012      192.063522
      0.436875        5.999240       19.597500      460.894012      192.063522
      0.438125        5.999240       19.597500      460.894012      192.063522
      0.439375        5.999240       19.597500      460.894012      192.063522
      0.440625        5.999240       19.597500      460.894012      192.063522
      0.441875        5.999240       19.597500      460.894012      192.063522
      0.443125        5.999240       19.597500      460.894012      192.063522
      0.444375        5.999240       19.597500      460.894012      192.063522
      0.445625        5.999240       19.597500      460.894012      192.063522
      0.446875        5.999240       19.597500      460.894012      192.063522
      0.448125        5.999240       19.597500      460.894012      192.063522
      0.449375        5.999240       19.597500      460.894012      192.063522
      0.450625        5.999240       19.597500      460.894012      192.063522
      0.451875        5.999240       19.597500      460.894012      192.063522
      0.453125        5.999240       19.597500      460.894012      192.063522
      0.454375        5.999240       19.597500      460.894012      192.063522
      0.455625        5.999240       19.597500      460.894012      192.063522
      0.456875        5.999240       19.597500      460.894012      192.063522
      0.458125        5.999240       19.597500      460.894012      192.063522
      0.459375        5.999240       19.597500      460.894012      192.063522
      0.460625        5.999240       19.597500      460.894012      192.063522
      0.461875        5.999240       19.597500      460.894012      192.063522
      0.463125        5.999240       19.597500      460.894012      192.063522
      0.464375        5.999240       19.597500      460.894012      192.063522
      0.465625        5.999240       19.597500      460.894012      192.063522
      0.466875        5.999240       19.597500      460.894012      192.063522
      0.468125        5.999240       19.597500      460.894012      192.063522
      0.469375        5.999240       19.597500      460.894012      192.063522
      0.470625        5.999240       19.597500      460.894012      192.063522
      0.471875        5.999240       19.597500      460.894012      192.063522
      0.473125        5.999240       19.597500      460.894012      192.063522
      0.474375        5.999240       19.597500      460.894012      192.063522
      0.475625        5.999240       19.597500      460.894012      192.063522
      0.476875        5.999240       19.597500      460.894012      192.063522
      0.478125        5.999240       19.597500      460.894012      192.063522
      0.479375        5.999240       19.597500      460.894012      192.063522
      0.480625        5.999240       19.597500      460.894012      192.063522
      0.481875        5.999240       19.597500      460.894012      192.063522
      0.483125        5.999240       19.597500      460.894012      192.063522
      0.484375        5.999240       19.597500      460.894012      192.063522
      0.485625        5.999240       19.597500      460.894012      192.063522
      0.486875        5.999240       19.597500      460.894012      192.063522
      0.488125        5.999240       19.597500      460.894012      192.063522
      0.489375        5.999240       19.597500      460.894012      192.063522
      0.490625        5.999240       19.597500      460.894012      192.063522
      0.491875        5.999240       19.597500      460.894012      192.063522
      0.493125        5.999240       19.597500      460.894012      192.063522
      0.494375        5.999240       19.597500      460.894012      192.063522
      0.495625        5.999240       19.597500      460.894012      192.063522
      0.496875        5.999240       19.597500      460.894012      192.063522
      0.498125        5.999240       19.597500      460.894012      192.063522
      0.499375        5.999240       19.597500      460.894012      192.063522
      0.500625        5.999240       19.597500      460.894012      192.063522
      0.501875        5.999240       19.597500      460.894012      192.063522
      0.503125        5.999240       19.597500      460.894012      192.063522
      0.504375        5.999240       19.597500      460.894012      192.063522
      0.505625        5.999240       19.597500      460.894012      192.063522
      0.506875        5.999240       19.597500      460.894012      192.063522
      0.508125        5.999240       19.597500      460.894012      192.063522
      0.509375        5.999240       19.597500      460.894012      192.063522
      0.510625        5.999240       19.597500      460.894012      192.063522
      0.511875        5.999240       19.597500      460.894012      192.063522
      0.513125        5.999240       19.597500      460.894012      192.063522
      0.514375        5.999240       19.597500      460.894012      192.063522
      0.515625        5.999240       19.597500      460.894012      192.063522
      0.516875        5.999240       19.597500      460.894012      192.063522
      0.518125        5.999240       19.597500      460.894012      192.063522
      0.519375        5.999240       19.597500      460.894012      192.063522
      0.520625        5.999240       19.597500      460.894012      192.063522
      0.521875        5.999240       19.597500      460.894012      192.063522
      0.523125        5.999240       19.597500      460.894012      192.063522
      0.524375        5.999240       19.597500      460.894012      192.063522
      0.525625        5.999240       19.597500      460.894012      192.063522
      0.526875        5.999240       19.597500      460.894012      192.063522
      0.528125       14.286301        8.685091     1692.457886      296.167969
      0.529375       14.286301        8.685091     1692.457886      296.167969
      0.530625       14.286301        8.685091     1692.457886      296.167969
      0.531875       14.286301        8.685091     1692.457886      296.167969
      0.533125       14.286301        8.685091     1692.457886      296.167969
      0.534375       14.286301        8.685091     1692.457886      296.167969
      0.535625       14.286301        8.685091     1692.457886      296.167969
      0.536875       14.286301        8.685091     1692.457886      296.167969
      0.538125       14.286301        8.685091     1692.457886      296.167969
      0.539375       14.286301        8.685091     1692.457886      296.167969
      0.540625       14.286301        8.685091     1692.457886      296.167969
      0.541875       14.286301        8.685091     1692.457886      296.167969
      0.543125       14.286301        8.685091     1692.457886      296.167969
      0.544375       14.286301        8.685091     1692.457886      296.167969
      0.545625       14.286301        8.685091     1692.457886      296.167969
      0.546875       14.286301        8.685091     1692.457886      296.167969
      0.548125       14.286301        8.685091     1692.457886      296.167969
      0.549375       14.286301        8.685091     1692.457886      296.167969
      0.550625       14.286301        8.685091     1692.457886      296.167969
      0.551875       14.286301        8.685091     1692.457886      296.167969
      0.553125       14.286301        8.685091     1692.457886      296.167969
      0.554375       14.286301        8.685091     1692.457886      296.167969
      0.555625       14.286301        8.685091     1692.457886      296.167969
      0.556875       14.286301        8.685091     1692.457886      296.167969
      0.558125       14.286301        8.685091     1692.457886      296.167969
      0.559375       14.286301        8.685091     1692.457886      296.167969
      0.560625       14.286301        8.685091     1692.457886      296.167969
      0.561875       14.286301        8.685091     1692.457886      296.167969
      0.563125       14.286301        8.685091     1692.457886      296.167969
      0.564375       14.286301        8.685091     1692.457886      296.167969
      0.565625       14.286301        8.685091     1692.457886      296.167969
      0.566875       14.286301        8.685091     1692.457886      296.167969
      0.568125       14.286301        8.685091     1692.457886      296.167969
      0.569375       14.286301        8.685091     1692.457886      296.167969
      0.570625       14.286301        8.685091     1692.457886      296.167969
      0.571875       14.286301        8.685091     1692.457886      296.167969
      0.573125       14.286301        8.685091     1692.457886      296.167969
      0.574375       14.286301        8.685091     1692.457886      296.167969
      0.575625       14.286301        8.685091     1692.457886      296.167969
      0.576875       14.286301        8.685091     1692.457886      296.167969
      0.578125       14.286301        8.685091     1692.457886      296.167969
      0.579375       14.286301        8.685091     1692.457886      296.167969
      0.580625       14.286301        8.685091     1692.457886      296.167969
      0.581875       14.286301        8.685091     1692.457886      296.167969
      0.583125       14.286301        8.685091     1692.457886      296.167969
      0.584375       14.286301        8.685091     1692.457886      296.167969
      0.585625       14.286301        8.685091     1692.457886      296.167969
      0.586875       14.286301        8.685091     1692.457886      296.167969
      0.588125       14.286301        8.685091     1692.457886      296.167969
      0.589375       14.286301        8.685091     1692.457886      296.167969
      0.590625       14.286301        8.685091     1692.457886      296.167969
      0.591875       14.286301        8.685091     1692.457886      296.167969
      0.593125       14.286301        8.685091     1692.457886      296.167969
      0.594375       14.286301        8.685091     1692.457886      296.167969
      0.595625       14.286301        8.685091     1692.457886      296.167969
      0.596875       14.286301        8.685091     1692.457886      296.167969
      0.598125       14.286301        8.685091     1692.457886      296.167969
      0.599375       14.286301        8.685091     1692.457886      296.167969
      0.600625       14.286301        8.685091     1692.457886      296.167969
      0.601875       14.286301        8.685091     1692.457886      296.167969
      0.603125       14.286301        8.685091     1692.457886      296.167969
      0.604375       14.286301        8.685091     1692.457886      296.167969
      0.605625       14.286301        8.685091     1692.457886      296.167969
      0.606875       14.286301        8.685091     1692.457886      296.167969
      0.608125       14.286301        8.685091     1692.457886      296.167969
      0.609375       14.286301        8.685091     1692.457886      296.167969
      0.610625       14.286301        8.685091     1692.457886      296.167969
      0.611875       14.286301        8.685091     1692.457886      296.167969
      0.613125       14.286301        8.685091     1692.457886      296.167969
      0.614375       14.286301        8.685091     1692.457886      296.167969
      0.615625       14.286301        8.685091     1692.457886      296.167969
      0.616875       14.286301        8.685091     1692.457886      296.167969
      0.618125       14.286301        8.685091     1692.457886      296.167969
      0.619375       14.286301        8.685091     1692.457886      296.167969
      0.620625       14.286301        8.685091     1692.457886      296.167969
      0.621875       14.286301        8.685091     1692.457886      296.167969
      0.623125       14.286301        8.685091     1692.457886      296.167969
      0.624375       14.286301        8.685091     1692.457886      296.167969
      0.625625       14.286301        8.685091     1692.457886      296.167969
      0.626875       14.286301        8.685091     1692.457886      296.167969
      0.628125       14.286301        8.685091     1692.457886      296.167969
      0.629375       14.286301        8.685091     1692.457886      296.167969
      0.630625       14.286301        8.685091     1692.457886      296.167969
      0.631875       14.286301        8.685091     1692.457886      296.167969
      0.633125       14.286301        8.685091     1692.457886      296.167969
      0.634375       14.286301        8.685091     1692.457886      296.167969
      0.635625       14.286301        8.685091     1692.457886      296.167969
      0.636875       14.286301        8.685091     1692.457886      296.167969
      0.638125       14.286301        8.685091     1692.457886      296.167969
      0.639375       14.286301        8.685091     1692.457886      296.167969
      0.640625       14.286301        8.685091     1692.457886      296.167969
      0.641875       14.286301        8.685091     1692.457886      296.167969
      0.643125       14.286301        8.685091     1692.457886      296.167969
      0.644375       14.286301        8.685091     1692.457886      296.167969
      0.645625       14.286301        8.685091     1692.457886      296.167969
      0.646875       14.286301        8.685091     1692.457886      296.167969
      0.648125       14.286301        8.685091     1692.457886      296.167969
      0.649375       14.286301        8.685091     1692.457886      296.167969
      0.650625       14.286301        8.685091     1692.457886      296.167969
      0.651875       14.286301        8.685091     1692.457886      296.167969
      0.653125       14.286301        8.685091     1692.457886      296.167969
      0.654375       14.286301        8.685091     1692.457886      296.167969
      0.655625       14.286301        8.685091     1692.457886      296.167969
      0.656875       14.286301        8.685091     1692.457886      296.167969
      0.658125       14.286301        8.685091     1692.457886      296.167969
      0.659375       14.286301        8.685091     1692.457886      296.167969
      0.660625       14.286301        8.685091     1692.457886      296.167969
      0.661875       14.286301        8.685091     1692.457886      296.167969
      0.663125       14.286301        8.685091     1692.457886      296.167969
      0.664375       14.286301        8.685091     1692.457886      296.167969
      0.665625       14.286301        8.685091     1692.457886      296.167969
      0.666875       14.286301        8.685091     1692.457886      296.167969
      0.668125       14.286301        8.685091     1692.457886      296.167969
      0.669375       14.286301        8.685091     1692.457886      296.167969
      0.670625       14.286301        8.685091     1692.457886      296.167969
      0.671875       14.286301        8.685091     1692.457886      296.167969
      0.673125       14.286301        8.685091     1692.457886      296.167969
      0.674375       14.286301        8.685091     1692.457886      296.167969
      0.675625       14.286301        8.685091     1692.457886      296.167969
      0.676875       14.286301        8.685091     1692.457886      296.167969
      0.678125       14.286301        8.685091     1692.457886      296.167969
      0.679375       14.286301        8.685091     1692.457886      296.167969
      0.680625       14.286301        8.685091     1692.457886      296.167969
      0.681875       14.286301        8.685091     1692.457886      296.167969
      0.683125       14.286301        8.685091     1692.457886      296.167969
      0.684375       14.286301        8.685091     1692.457886      296.167969
      0.685625       14.286301        8.685091     1692.457886      296.167969
      0.686875       14.286301        8.685091     1692.457886      296.167969
      0.688125       14.286301        8.685091     1692.457886      296.167969
      0.689375       14.286301        8.685091     1692.457886      296.167969
      0.690625       14.286301        8.685091     1692.457886      296.167969
      0.691875       14.286301        8.685091     1692.457886      296.167969
      0.693125       14.286301        8.685091     1692.457886      296.167969
      0.694375       14.286301        8.685091     1692.457886      296.167969
      0.695625       14.286301        8.685091     1692.457886      296.167969
      0.696875       14.286301        8.685091     1692.457886      296.167969
      0.698125       14.286301        8.685091     1692.457886      296.167969
      0.699375       14.286301        8.685091     1692.457886      296.167969
      0.700625       14.286301        8.685091     1692.457886      296.167969
      0.701875       14.286301        8.685091     1692.457886      296.167969
      0.703125       14.286301        8.685091     1692.457886      296.167969
      0.704375       14.286301        8.685091     1692.457886      296.167969
      0.705625       14.286301        8.685091     1692.457886      296.167969
      0.706875       14.286301        8.685091     1692.457886      296.167969
      0.708125       14.286301        8.685091     1692.457886      296.167969
      0.709375       14.286301        8.685091     1692.457886      296.167969
      0.710625       14.286301        8.685091     1692.457886      296.167969
      0.711875       14.286301        8.685091     1692.457886      296.167969
      0.713125       14.286301        8.685091     1692.457886      296.167969
      0.714375       14.286301        8.685091     1692.457886      296.167969
      0.715625       14.286301        8.685091     1692.457886      296.167969
      0.716875       14.286301        8.685091     1692.457886      296.167969
      0.718125       14.286301        8.685091     1692.457886      296.167969
      0.719375       14.286301        8.685091     1692.457886      296.167969
      0.720625       14.286301        8.685091     1692.457886      296.167969
      0.721875       14.286301        8.685091     1692.457886      296.167969
      0.723125       14.286301        8.685091     1692.457886      296.167969
      0.724375       14.286301        8.685091     1692.457886      296.167969
      0.725625       14.286301        8.685091     1692.457886      296.167969
      0.726875       14.286301        8.685091     1692.457886      296.167969
      0.728125       14.286301        8.685091     1692.457886      296.167969
      0.729375       14.286301        8.685091     1692.457886      296.167969
      0.730625       14.286301        8.685091     1692.457886      296.167969
      0.731875       14.286301        8.685091     1692.457886      296.167969
      0.733125       14.286301        8.685091     1692.457886      296.167969
      0.734375       14.286301        8.685091     1692.457886      296.167969
      0.735625       14.286301        8.685091     1692.457886      296.167969
      0.736875       14.286301        8.685091     1692.457886      296.167969
      0.738125       14.286301        8.685091     1692.457886      296.167969
      0.739375       14.286301        8.685091     1692.457886      296.167969
      0.740625       14.286301        8.685091     1692.457886      296.167969
      0.741875       14.286301        8.685091     1692.457886      296.167969
      0.743125       14.286301        8.685091     1692.457886      296.167969
      0.744375       14.286301        8.685091     1692.457886      296.167969
      0.745625       14.286301        8.685091     1692.457886      296.167969
      0.746875       14.286301        8.685091     1692.457886      296.167969
      0.748125       14.286301        8.685091     1692.457886      296.167969
      0.749375       14.286301        8.685091     1692.457886      296.167969
      0.750625       14.286301        8.685091     1692.457886      296.167969
      0.751875       14.286301        8.685091     1692.457886      296.167969
      0.753125       14.286301        8.685091     1692.457886      296.167969
      0.754375       14.286301        8.685091     1692.457886      296.167969
      0.755625       14.286301        8.685091     1692.457886      296.167969
      0.756875       14.286301        8.685091     1692.457886      296.167969
      0.758125       14.286301        8.685091     1692.457886      296.167969
      0.759375       14.286301        8.685091     1692.457886      296.167969
      0.760625       14.286301        8.685091     1692.457886      296.167969
      0.761875       14.286301        8.685091     1692.457886      296.167969
      0.763125       14.286301        8.685091     1692.457886      296.167969
      0.764375       14.286301        8.685091     1692.457886      296.167969
      0.765625       14.286301        8.685091     1692.457886      296.167969
      0.766875       14.286301        8.685091     1692.457886      296.167969
      0.768125       14.286301        8.685091     1692.457886      296.167969
      0.769375       14.286301        8.685091     1692.457886      296.167969
      0.770625       14.286301        8.685091     1692.457886      296.167969
      0.771875       14.286301        8.685091     1692.457886      296.167969
      0.773125       14.286301        8.685091     1692.457886      296.167969
      0.774375       14.286301        8.685091     1692.457886      296.167969
      0.775625       14.286301        8.685091     1692.457886      296.167969
      0.776875       14.286301        8.685091     1692.457886      296.167969
      0.778125       14.286301        8.685091     1692.457886      296.167969
      0.779375       14.286301        8.685091     1692.457886      296.167969
      0.780625       14.286301        8.685091     1692.457886      296.167969
      0.781875       14.286301        8.685091     1692.457886      296.167969
      0.783125       14.286301        8.685091     1692.457886      296.167969
      0.784375       14.286301        8.685091     1692.457886      296.167969
      0.785625       14.286301        8.685091     1692.457886      296.167969
      0.786875       14.286301        8.685091     1692.457886      296.167969
      0.788125       14.286301        8.685091     1692.457886      296.167969
      0.789375       14.286301        8.685091     1692.457886      296.167969
      0.790625       14.286301        8.685091     1692.457886      296.167969
      0.791875       14.286301        8.685091     1692.457886      296.167969
      0.793125       14.286301        8.685091     1692.457886      296.167969
      0.794375       14.286301        8.685091     1692.457886      296.167969
      0.795625       14.286301        8.685091     1692.457886      296.167969
      0.796875       14.286301        8.685091     1692.457886      296.167969
      0.798125       14.286301        8.685091     1692.457886      296.167969
      0.799375       14.286301        8.685091     1692.457886      296.167969
      0.800625       14.286301        8.685091     1692.457886      296.167969
      0.801875       14.286301        8.685091     1692.457886      296.167969
      0.803125       14.286301        8.685091     1692.457886      296.167969
      0.804375       31.079960        8.685091     1692.457886      136.137405
      0.805625       31.079960        8.685091     1692.457886      136.137405
      0.806875       31.079960        8.685091     1692.457886      136.137405
      0.808125       31.079960        8.685091     1692.457886      136.137405
      0.809375       31.079960        8.685091     1692.457886      136.137405
      0.810625       31.079960        8.685091     1692.457886      136.137405
      0.811875       31.079960        8.685091     1692.457886      136.137405
      0.813125       31.079960        8.685091     1692.457886      136.137405
      0.814375       31.079960        8.685091     1692.457886      136.137405
      0.815625       31.079960        8.685091     1692.457886      136.137405
      0.816875       31.079960        8.685091     1692.457886      136.137405
      0.818125       31.079960        8.685091     1692.457886      136.137405
      0.819375       31.079960        8.685091     1692.457886      136.137405
      0.820625       31.079960        8.685091     1692.457886      136.137405
      0.821875       31.079960        8.685091     1692.457886      136.137405
      0.823125       31.079960        8.685091     1692.457886      136.137405
      0.824375       31.079960        8.685091     1692.457886      136.137405
      0.825625       31.079960        8.685091     1692.457886      136.137405
      0.826875       31.079960        8.685091     1692.457886      136.137405
      0.828125       31.079960        8.685091     1692.457886      136.137405
      0.829375       31.079960        8.685091     1692.457886      136.137405
      0.830625       31.079960        8.685091     1692.457886      136.137405
      0.831875       31.079960        8.685091     1692.457886      136.137405
      0.833125       31.079960        8.685091     1692.457886      136.137405
      0.834375       31.079960        8.685091     1692.457886      136.137405
      0.835625       31.079960        8.685091     1692.457886      136.137405
      0.836875       31.079960        8.685091     1692.457886      136.137405
      0.838125       31.079960        8.685091     1692.457886      136.137405
      0.839375       31.079960        8.685091     1692.457886      136.137405
      0.840625       31.079960        8.685091     1692.457886      136.137405
      0.841875       31.079960        8.685091     1692.457886      136.137405
      0.843125       31.079960        8.685091     1692.457886      136.137405
      0.844375       31.079960        8.685091     1692.457886      136.137405
      0.845625       31.079960        8.685091     1692.457886      136.137405
      0.846875       31.079960        8.685091     1692.457886      136.137405
      0.848125       31.079960        8.685091     1692.457886      136.137405
      0.849375       31.079960        8.685091     1692.457886      136.137405
      0.850625       31.079960        8.685091     1692.457886      136.137405
      0.851875       31.079960        8.685091     1692.457886      136.137405
      0.853125       31.079960        8.685091     1692.457886      136.137405
      0.854375       31.079960        8.685091     1692.457886      136.137405
      0.855625       31.079960        8.685091     1692.457886      136.137405
      0.856875       31.079960        8.685091     1692.457886      136.137405
      0.858125       31.079960        8.685091     1692.457886      136.137405
      0.859375       31.079960        8.685091     1692.457886      136.137405
      0.860625       31.079960        8.685091     1692.457886      136.137405
      0.861875       31.079960        8.685091     1692.457886      136.137405
      0.863125       31.079960        8.685091     1692.457886      136.137405
      0.864375       31.079960        8.685091     1692.457886      136.137405
      0.865625       31.079960        8.685091     1692.457886      136.137405
      0.866875       31.079960        8.685091     1692.457886      136.137405
      0.868125       31.079960        8.685091     1692.457886      136.137405
      0.869375       31.079960        8.685091     1692.457886      136.137405
      0.870625       31.079960        8.685091     1692.457886      136.137405
      0.871875       31.079960        8.685091     1692.457886      136.137405
      0.873125       31.079960        8.685091     1692.457886      136.137405
      0.874375       31.079960        8.685091     1692.457886      136.137405
      0.875625       31.079960        8.685091     1692.457886      136.137405
      0.876875       31.079960        8.685091     1692.457886      136.137405
      0.878125       31.079960        8.685091     1692.457886      136.137405
      0.879375       31.079960        8.685091     1692.457886      136.137405
      0.880625       31.079960        8.685091     1692.457886      136.137405
      0.881875       31.079960        8.685091     1692.457886      136.137405
      0.883125       31.079960        8.685091     1692.457886      136.137405
      0.884375       31.079960        8.685091     1692.457886      136.137405
      0.885625       31.079960        8.685091     1692.457886      136.137405
      0.886875       31.079960        8.685091     1692.457886      136.137405
      0.888125       31.079960        8.685091     1692.457886      136.137405
      0.889375       31.079960        8.685091     1692.457886      136.137405
      0.890625       31.079960        8.685091     1692.457886      136.137405
      0.891875       31.079960        8.685091     1692.457886      136.137405
      0.893125       31.079960        8.685091     1692.457886      136.137405
      0.894375       31.079960        8.685091     1692.457886      136.137405
      0.895625       31.079960        8.685091     1692.457886      136.137405
      0.896875       31.079960        8.685091     1692.457886      136.137405
      0.898125       31.079960        8.685091     1692.457886      136.137405
      0.899375       31.079960        8.685091     1692.457886      136.137405
      0.900625       31.079960        8.685091     1692.457886      136.137405
      0.901875       31.079960        8.685091     1692.457886      136.137405
      0.903125       31.079960        8.685091     1692.457886      136.137405
      0.904375       31.079960        8.685091     1692.457886      136.137405
      0.905625       31.079960        8.685091     1692.457886      136.137405
      0.906875       31.079960        8.685091     1692.457886      136.137405
      0.908125       31.079960        8.685091     1692.457886      136.137405
      0.909375       31.079960        8.685091     1692.457886      136.137405
      0.910625       31.079960        8.685091     1692.457886      136.137405
      0.911875       31.079960        8.685091     1692.457886      136.137405
      0.913125       31.079960        8.685091     1692.457886      136.137405
      0.914375       31.079960        8.685091     1692.457886      136.137405
      0.915625       31.079960        8.685091     1692.457886      136.137405
      0.916875       31.079960        8.685091     1692.457886      136.137405
      0.918125       31.079960        8.685091     1692.457886      136.137405
      0.919375       31.079960        8.685091     1692.457886      136.137405
      0.920625       31.079960        8.685091     1692.457886      136.137405
      0.921875       31.079960        8.685091     1692.457886      136.137405
      0.923125       31.079960        8.685091     1692.457886      136.137405
      0.924375       31.079960        8.685091     1692.457886      136.137405
      0.925625       31.079960        8.685091     1692.457886      136.137405
      0.926875       31.079960        8.685091     1692.457886      136.137405
      0.928125       31.079960        8.685091     1692.457886      136.137405
      0.929375        5.999240       -6.196330       46.095001       19.208685
      0.930625        5.999240       -6.196330       46.095001       19.208685
      0.931875        5.999240       -6.196330       46.095001       19.208685
      0.933125        5.999240       -6.196330       46.095001       19.208685
      0.934375        5.999240       -6.196330       46.095001       19.208685
      0.935625        5.999240       -6.196330       46.095001       19.208685
      0.936875        5.999240       -6.196330       46.095001       19.208685
      0.938125        5.999240       -6.196330       46.095001       19.208685
      0.939375        5.999240       -6.196330       46.095001       19.208685
      0.940625        5.999240       -6.196330       46.095001       19.208685
      0.941875        5.999240       -6.196330       46.095001       19.208685
      0.943125        5.999240       -6.196330       46.095001       19.208685
      0.944375        5.999240       -6.196330       46.095001       19.208685
      0.945625        5.999240       -6.196330       46.095001       19.208685
      0.946875        5.999240       -6.196330       46.095001       19.208685
      0.948125        5.999240       -6.196330       46.095001       19.208685
      0.949375        5.999240       -6.196330       46.095001       19.208685
      0.950625        5.999240       -6.196330       46.095001       19.208685
      0.951875        5.999240       -6.196330       46.095001       19.208685
      0.953125        5.999240       -6.196330       46.095001       19.208685
      0.954375        5.999240       -6.196330       46.095001       19.208685
      0.955625        5.999240       -6.196330       46.095001       19.208685
      0.956875        5.999240       -6.196330       46.095001       19.208685
      0.958125        5.999240       -6.196330       46.095001       19.208685
      0.959375        5.999240       -6.196330       46.095001       19.208685
      0.960625        5.999240       -6.196330       46.095001       19.208685
      0.961875        5.999240       -6.196330       46.095001       19.208685
      0.963125        5.999240       -6.196330       46.095001       19.208685
      0.964375        5.999240       -6.196330       46.095001       19.208685
      0.965625        5.999240       -6.196330       46.095001       19.208685
      0.966875        5.999240       -6.196330       46.095001       19.208685
      0.968125        5.999240       -6.196330       46.095001       19.208685
      0.969375        5.999240       -6.196330       46.095001       19.208685
      0.970625        5.999240       -6.196330       46.095001       19.208685
      0.971875        5.999240       -6.196330       46.095001       19.208685
      0.973125        5.999240       -6.196330       46.095001       19.208685
      0.974375        5.999240       -6.196330       46.095001       19.208685
      0.975625        5.999240       -6.196330       46.095001       19.208685
      0.976875        5.999240       -6.196330       46.095001       19.208685
      0.978125        5.999240       -6.196330       46.095001       19.208685
      0.979375        5.999240       -6.196330       46.095001       19.208685
      0.980625        5.999240       -6.196330       46.095001       19.208685
      0.981875        5.999240       -6.196330       46.095001       19.208685
      0.983125        5.999240       -6.196330       46.095001       19.208685
      0.984375        5.999240       -6.196330       46.095001       19.208685
      0.985625        5.999240       -6.196330       46.095001       19.208685
      0.986875        5.999240       -6.196330       46.095001       19.208685
      0.988125        5.999240       -6.196330       46.095001       19.208685
      0.989375        5.999240       -6.196330       46.095001       19.208685
      0.990625        5.999240       -6.196330       46.095001       19.208685
      0.991875        5.999240       -6.196330       46.095001       19.208685
      0.993125        5.999240       -6.196330       46.095001       19.208685
      0.994375        5.999240       -6.196330       46.095001       19.208685
      0.995625        5.999240       -6.196330       46.095001       19.208685
      0.996875        5.999240       -6.196330       46.095001       19.208685
      0.998125        5.999240       -6.196330       46.095001       19.208685
      0.999375        5.999240       -6.196330       46.095001       19.208685
